Flutter crash report.
Please report a bug at https://github.com/flutter/flutter/issues.

## command

flutter run --machine --target lib\main.dart -d FiGiG70002626 --dart-define=flutter.inspector.structuredErrors=true --start-paused --web-server-debug-protocol ws --web-server-debug-backend-protocol ws --web-allow-expose-url

## exception

StateError: Bad state: No element

```
#0      ListMixin.firstWhere (dart:collection/list.dart:167:5)
#1      DartDevelopmentService.startDartDevelopmentService (package:flutter_tools/src/base/dds.dart:63:32)
<asynchronous suspension>
#2      FlutterDevice.connect.<anonymous closure> (package:flutter_tools/src/resident_runner.dart:249:11)
<asynchronous suspension>
```

## flutter doctor

```
[✓] Flutter (Channel beta, 1.25.0-8.2.pre, on Microsoft Windows [Version 10.0.18363.1316], locale en-US)
    • Flutter version 1.25.0-8.2.pre at C:\src\flutter
    • Framework revision b0a2299859 (2 weeks ago), 2021-01-05 12:34:13 -0800
    • Engine revision 92ae191c17
    • Dart version 2.12.0 (build 2.12.0-133.2.beta)

[✓] Android toolchain - develop for Android devices (Android SDK version 30.0.2)
    • Android SDK at C:\Users\Talha Sahi\AppData\Local\Android\sdk
    • Platform android-30, build-tools 30.0.2
    • Java binary at: E:\Installed Softwares\Andoid Studio\jre\bin\java
    • Java version OpenJDK Runtime Environment (build 1.8.0_242-release-1644-b01)
    • All Android licenses accepted.

[✓] Chrome - develop for the web
    • Chrome at C:\Program Files\Google\Chrome\Application\chrome.exe

[✓] Android Studio (version 4.1.0)
    • Android Studio at E:\Installed Softwares\Andoid Studio
    • Flutter plugin can be installed from:
      🔨 https://plugins.jetbrains.com/plugin/9212-flutter
    • Dart plugin can be installed from:
      🔨 https://plugins.jetbrains.com/plugin/6351-dart
    • Java version OpenJDK Runtime Environment (build 1.8.0_242-release-1644-b01)

[✓] Connected device (3 available)
    • RIO STAR (mobile) • FiGiG70002626 • android-arm    • Android 8.1.0 (API 27)
    • Chrome (web)      • chrome        • web-javascript • Google Chrome 87.0.4280.141
    • Edge (web)        • edge          • web-javascript • Microsoft Edge 87.0.664.75

• No issues found!
```
